app/build/intermediates/manifest_merge_blame_file/debug/manifest-merger-blame-debug-report.txt
1<?xml version="1.0" encoding="utf-8"?>
2<manifest xmlns:android="http://schemas.android.com/apk/res/android"
3    package="com.example.gactour"
4    android:versionCode="1"
5    android:versionName="1.0" >
6
7    <uses-sdk
8        android:minSdkVersion="23"
8-->src/main/AndroidManifest.xml
9        android:targetSdkVersion="33" />
9-->src/main/AndroidManifest.xml
10
11    <uses-permission android:name="android.permission.ACCESS_COARSE_LOCATION" />
11-->src/main/AndroidManifest.xml:5:5-81
11-->src/main/AndroidManifest.xml:5:22-78
12    <uses-permission android:name="android.permission.ACCESS_FINE_LOCATION" />
12-->src/main/AndroidManifest.xml:6:5-79
12-->src/main/AndroidManifest.xml:6:22-76
13    <uses-permission android:name="android.permission.INTERNET" />
13-->src/main/AndroidManifest.xml:7:5-67
13-->src/main/AndroidManifest.xml:7:22-64
14    <uses-permission android:name="android.permission.ACCESS_BACKGROUND_LOCATION" />
14-->src/main/AndroidManifest.xml:8:5-85
14-->src/main/AndroidManifest.xml:8:22-82
15    <uses-permission android:name="android.permission.FOREGROUND_SERVICE" />
15-->src/main/AndroidManifest.xml:9:5-77
15-->src/main/AndroidManifest.xml:9:22-74
16
17    <!-- Include required permissions for Google Maps API to run. -->
18    <uses-permission android:name="android.permission.ACCESS_NETWORK_STATE" />
18-->[com.google.android.gms:play-services-maps:18.2.0] AndroidManifest.xml:23:5-79
18-->[com.google.android.gms:play-services-maps:18.2.0] AndroidManifest.xml:23:22-76
19
20    <uses-feature
20-->[com.google.android.gms:play-services-maps:18.2.0] AndroidManifest.xml:26:5-28:35
21        android:glEsVersion="0x00020000"
21-->[com.google.android.gms:play-services-maps:18.2.0] AndroidManifest.xml:27:9-41
22        android:required="true" />
22-->[com.google.android.gms:play-services-maps:18.2.0] AndroidManifest.xml:28:9-32
23
24    <queries>
24-->[com.google.android.gms:play-services-maps:18.2.0] AndroidManifest.xml:30:5-34:15
25
26        <!-- Needs to be explicitly declared on Android R+ -->
27        <package android:name="com.google.android.apps.maps" />
27-->[com.google.android.gms:play-services-maps:18.2.0] AndroidManifest.xml:33:9-64
27-->[com.google.android.gms:play-services-maps:18.2.0] AndroidManifest.xml:33:18-61
28    </queries>
29
30    <uses-feature
30-->[com.mapbox.maps:android-core:10.16.1] AndroidManifest.xml:13:5-15:36
31        android:name="android.hardware.wifi"
31-->[com.mapbox.maps:android-core:10.16.1] AndroidManifest.xml:14:9-45
32        android:required="false" />
32-->[com.mapbox.maps:android-core:10.16.1] AndroidManifest.xml:15:9-33
33
34    <uses-permission android:name="android.permission.ACCESS_WIFI_STATE" />
34-->[com.mapbox.maps:android-core:10.16.1] AndroidManifest.xml:19:5-76
34-->[com.mapbox.maps:android-core:10.16.1] AndroidManifest.xml:19:22-73
35
36    <permission
36-->[androidx.core:core:1.9.0] AndroidManifest.xml:22:5-24:47
37        android:name="com.example.gactour.DYNAMIC_RECEIVER_NOT_EXPORTED_PERMISSION"
37-->[androidx.core:core:1.9.0] AndroidManifest.xml:23:9-81
38        android:protectionLevel="signature" />
38-->[androidx.core:core:1.9.0] AndroidManifest.xml:24:9-44
39
40    <uses-permission android:name="com.example.gactour.DYNAMIC_RECEIVER_NOT_EXPORTED_PERMISSION" />
40-->[androidx.core:core:1.9.0] AndroidManifest.xml:26:5-97
40-->[androidx.core:core:1.9.0] AndroidManifest.xml:26:22-94
41
42    <application
42-->src/main/AndroidManifest.xml:13:5-41:19
43        android:name="com.example.gactour.MainApplication"
43-->src/main/AndroidManifest.xml:14:9-40
44        android:allowBackup="true"
44-->src/main/AndroidManifest.xml:15:9-35
45        android:appComponentFactory="androidx.core.app.CoreComponentFactory"
45-->[androidx.core:core:1.9.0] AndroidManifest.xml:28:18-86
46        android:dataExtractionRules="@xml/data_extraction_rules"
46-->src/main/AndroidManifest.xml:16:9-65
47        android:debuggable="true"
48        android:extractNativeLibs="false"
49        android:fullBackupContent="@xml/backup_rules"
49-->src/main/AndroidManifest.xml:17:9-54
50        android:icon="@mipmap/ic_launcher"
50-->src/main/AndroidManifest.xml:18:9-43
51        android:label="@string/app_name"
51-->src/main/AndroidManifest.xml:19:9-41
52        android:roundIcon="@mipmap/ic_launcher_round"
52-->src/main/AndroidManifest.xml:20:9-54
53        android:supportsRtl="true"
53-->src/main/AndroidManifest.xml:21:9-35
54        android:testOnly="true"
55        android:theme="@style/Theme.GACTour" >
55-->src/main/AndroidManifest.xml:22:9-45
56        <service android:name="com.example.gactour.location.LocationService" />
56-->src/main/AndroidManifest.xml:25:9-61
56-->src/main/AndroidManifest.xml:25:18-58
57
58        <activity
58-->src/main/AndroidManifest.xml:27:9-40:20
59            android:name="com.example.gactour.MainActivity"
59-->src/main/AndroidManifest.xml:28:13-41
60            android:exported="true"
60-->src/main/AndroidManifest.xml:29:13-36
61            android:theme="@style/Theme.GACTour" >
61-->src/main/AndroidManifest.xml:30:13-49
62            <intent-filter>
62-->src/main/AndroidManifest.xml:31:13-35:29
63                <action android:name="android.intent.action.MAIN" />
63-->src/main/AndroidManifest.xml:32:17-69
63-->src/main/AndroidManifest.xml:32:25-66
64
65                <category android:name="android.intent.category.LAUNCHER" />
65-->src/main/AndroidManifest.xml:34:17-77
65-->src/main/AndroidManifest.xml:34:27-74
66            </intent-filter>
67
68            <meta-data
68-->src/main/AndroidManifest.xml:37:13-39:36
69                android:name="android.app.lib_name"
69-->src/main/AndroidManifest.xml:38:17-52
70                android:value="" />
70-->src/main/AndroidManifest.xml:39:17-33
71        </activity>
72        <activity
72-->[androidx.compose.ui:ui-test-manifest:1.4.3] AndroidManifest.xml:23:9-25:39
73            android:name="androidx.activity.ComponentActivity"
73-->[androidx.compose.ui:ui-test-manifest:1.4.3] AndroidManifest.xml:24:13-63
74            android:exported="true" />
74-->[androidx.compose.ui:ui-test-manifest:1.4.3] AndroidManifest.xml:25:13-36
75        <activity
75-->[androidx.compose.ui:ui-tooling:1.4.3] AndroidManifest.xml:23:9-25:39
76            android:name="androidx.compose.ui.tooling.PreviewActivity"
76-->[androidx.compose.ui:ui-tooling:1.4.3] AndroidManifest.xml:24:13-71
77            android:exported="true" /> <!-- Needs to be explicitly declared on P+ -->
77-->[androidx.compose.ui:ui-tooling:1.4.3] AndroidManifest.xml:25:13-36
78        <uses-library
78-->[com.google.android.gms:play-services-maps:18.2.0] AndroidManifest.xml:39:9-41:40
79            android:name="org.apache.http.legacy"
79-->[com.google.android.gms:play-services-maps:18.2.0] AndroidManifest.xml:40:13-50
80            android:required="false" />
80-->[com.google.android.gms:play-services-maps:18.2.0] AndroidManifest.xml:41:13-37
81
82        <activity
82-->[com.google.android.gms:play-services-base:18.1.0] AndroidManifest.xml:20:9-22:45
83            android:name="com.google.android.gms.common.api.GoogleApiActivity"
83-->[com.google.android.gms:play-services-base:18.1.0] AndroidManifest.xml:20:19-85
84            android:exported="false"
84-->[com.google.android.gms:play-services-base:18.1.0] AndroidManifest.xml:22:19-43
85            android:theme="@android:style/Theme.Translucent.NoTitleBar" />
85-->[com.google.android.gms:play-services-base:18.1.0] AndroidManifest.xml:21:19-78
86
87        <meta-data
87-->[com.google.android.gms:play-services-basement:18.1.0] AndroidManifest.xml:21:9-23:69
88            android:name="com.google.android.gms.version"
88-->[com.google.android.gms:play-services-basement:18.1.0] AndroidManifest.xml:22:13-58
89            android:value="@integer/google_play_services_version" />
89-->[com.google.android.gms:play-services-basement:18.1.0] AndroidManifest.xml:23:13-66
90
91        <provider
91-->[androidx.emoji2:emoji2:1.3.0] AndroidManifest.xml:24:9-32:20
92            android:name="androidx.startup.InitializationProvider"
92-->[androidx.emoji2:emoji2:1.3.0] AndroidManifest.xml:25:13-67
93            android:authorities="com.example.gactour.androidx-startup"
93-->[androidx.emoji2:emoji2:1.3.0] AndroidManifest.xml:26:13-68
94            android:exported="false" >
94-->[androidx.emoji2:emoji2:1.3.0] AndroidManifest.xml:27:13-37
95            <meta-data
95-->[androidx.emoji2:emoji2:1.3.0] AndroidManifest.xml:29:13-31:52
96                android:name="androidx.emoji2.text.EmojiCompatInitializer"
96-->[androidx.emoji2:emoji2:1.3.0] AndroidManifest.xml:30:17-75
97                android:value="androidx.startup" />
97-->[androidx.emoji2:emoji2:1.3.0] AndroidManifest.xml:31:17-49
98            <meta-data
98-->[androidx.lifecycle:lifecycle-process:2.6.1] AndroidManifest.xml:29:13-31:52
99                android:name="androidx.lifecycle.ProcessLifecycleInitializer"
99-->[androidx.lifecycle:lifecycle-process:2.6.1] AndroidManifest.xml:30:17-78
100                android:value="androidx.startup" />
100-->[androidx.lifecycle:lifecycle-process:2.6.1] AndroidManifest.xml:31:17-49
101            <meta-data
101-->[com.mapbox.maps:android-core:10.16.1] AndroidManifest.xml:27:13-29:52
102                android:name="com.mapbox.maps.loader.MapboxMapsInitializer"
102-->[com.mapbox.maps:android-core:10.16.1] AndroidManifest.xml:28:17-76
103                android:value="androidx.startup" /> <!-- This entry makes MapboxSDKCommonInitializer discoverable. -->
103-->[com.mapbox.maps:android-core:10.16.1] AndroidManifest.xml:29:17-49
104            <meta-data
104-->[com.mapbox.common:common:23.8.3] AndroidManifest.xml:21:13-23:52
105                android:name="com.mapbox.common.MapboxSDKCommonInitializer"
105-->[com.mapbox.common:common:23.8.3] AndroidManifest.xml:22:17-76
106                android:value="androidx.startup" />
106-->[com.mapbox.common:common:23.8.3] AndroidManifest.xml:23:17-49
107            <meta-data
107-->[androidx.profileinstaller:profileinstaller:1.3.0] AndroidManifest.xml:29:13-31:52
108                android:name="androidx.profileinstaller.ProfileInstallerInitializer"
108-->[androidx.profileinstaller:profileinstaller:1.3.0] AndroidManifest.xml:30:17-85
109                android:value="androidx.startup" />
109-->[androidx.profileinstaller:profileinstaller:1.3.0] AndroidManifest.xml:31:17-49
110        </provider>
111
112        <receiver
112-->[com.mapbox.common:common:23.8.3] AndroidManifest.xml:26:9-33:20
113            android:name="com.mapbox.common.location.LocationUpdatesReceiver"
113-->[com.mapbox.common:common:23.8.3] AndroidManifest.xml:27:13-78
114            android:enabled="true"
114-->[com.mapbox.common:common:23.8.3] AndroidManifest.xml:28:13-35
115            android:exported="false" >
115-->[com.mapbox.common:common:23.8.3] AndroidManifest.xml:29:13-37
116            <intent-filter>
116-->[com.mapbox.common:common:23.8.3] AndroidManifest.xml:30:13-32:29
117                <action android:name="com.mapbox.common.location.LocationUpdatesReceiver.ACTION_PROCESS_LOCATION_UPDATES" />
117-->[com.mapbox.common:common:23.8.3] AndroidManifest.xml:31:17-125
117-->[com.mapbox.common:common:23.8.3] AndroidManifest.xml:31:25-122
118            </intent-filter>
119        </receiver>
120
121        <service
121-->[com.mapbox.common:common:23.8.3] AndroidManifest.xml:35:9-37:40
122            android:name="com.mapbox.common.LifecycleService"
122-->[com.mapbox.common:common:23.8.3] AndroidManifest.xml:36:13-62
123            android:exported="false" />
123-->[com.mapbox.common:common:23.8.3] AndroidManifest.xml:37:13-37
124        <service
124-->[androidx.room:room-runtime:2.3.0] AndroidManifest.xml:25:9-28:40
125            android:name="androidx.room.MultiInstanceInvalidationService"
125-->[androidx.room:room-runtime:2.3.0] AndroidManifest.xml:26:13-74
126            android:directBootAware="true"
126-->[androidx.room:room-runtime:2.3.0] AndroidManifest.xml:27:13-43
127            android:exported="false" />
127-->[androidx.room:room-runtime:2.3.0] AndroidManifest.xml:28:13-37
128
129        <receiver
129-->[androidx.profileinstaller:profileinstaller:1.3.0] AndroidManifest.xml:34:9-52:20
130            android:name="androidx.profileinstaller.ProfileInstallReceiver"
130-->[androidx.profileinstaller:profileinstaller:1.3.0] AndroidManifest.xml:35:13-76
131            android:directBootAware="false"
131-->[androidx.profileinstaller:profileinstaller:1.3.0] AndroidManifest.xml:36:13-44
132            android:enabled="true"
132-->[androidx.profileinstaller:profileinstaller:1.3.0] AndroidManifest.xml:37:13-35
133            android:exported="true"
133-->[androidx.profileinstaller:profileinstaller:1.3.0] AndroidManifest.xml:38:13-36
134            android:permission="android.permission.DUMP" >
134-->[androidx.profileinstaller:profileinstaller:1.3.0] AndroidManifest.xml:39:13-57
135            <intent-filter>
135-->[androidx.profileinstaller:profileinstaller:1.3.0] AndroidManifest.xml:40:13-42:29
136                <action android:name="androidx.profileinstaller.action.INSTALL_PROFILE" />
136-->[androidx.profileinstaller:profileinstaller:1.3.0] AndroidManifest.xml:41:17-91
136-->[androidx.profileinstaller:profileinstaller:1.3.0] AndroidManifest.xml:41:25-88
137            </intent-filter>
138            <intent-filter>
138-->[androidx.profileinstaller:profileinstaller:1.3.0] AndroidManifest.xml:43:13-45:29
139                <action android:name="androidx.profileinstaller.action.SKIP_FILE" />
139-->[androidx.profileinstaller:profileinstaller:1.3.0] AndroidManifest.xml:44:17-85
139-->[androidx.profileinstaller:profileinstaller:1.3.0] AndroidManifest.xml:44:25-82
140            </intent-filter>
141            <intent-filter>
141-->[androidx.profileinstaller:profileinstaller:1.3.0] AndroidManifest.xml:46:13-48:29
142                <action android:name="androidx.profileinstaller.action.SAVE_PROFILE" />
142-->[androidx.profileinstaller:profileinstaller:1.3.0] AndroidManifest.xml:47:17-88
142-->[androidx.profileinstaller:profileinstaller:1.3.0] AndroidManifest.xml:47:25-85
143            </intent-filter>
144            <intent-filter>
144-->[androidx.profileinstaller:profileinstaller:1.3.0] AndroidManifest.xml:49:13-51:29
145                <action android:name="androidx.profileinstaller.action.BENCHMARK_OPERATION" />
145-->[androidx.profileinstaller:profileinstaller:1.3.0] AndroidManifest.xml:50:17-95
145-->[androidx.profileinstaller:profileinstaller:1.3.0] AndroidManifest.xml:50:25-92
146            </intent-filter>
147        </receiver>
148    </application>
149
150</manifest>